<?xml version="1.0" encoding="UTF-8"?>
<testng-results ignored="0" total="1" passed="0" failed="1" skipped="0">
  <reporter-output>
  </reporter-output>
  <suite started-at="2019-07-13T08:45:26Z" name="Default suite" finished-at="2019-07-13T08:45:44Z" duration-ms="17846">
    <groups>
    </groups>
    <test started-at="2019-07-13T08:45:26Z" name="Default test" finished-at="2019-07-13T08:45:44Z" duration-ms="17846">
      <class name="Telstra_coding_exercise_flipkart.Flipkart_Add_To_Cart_Test">
        <test-method is-config="true" signature="beforeMethod()[pri:0, instance:Telstra_coding_exercise_flipkart.Flipkart_Add_To_Cart_Test@79ca92b9]" started-at="2019-07-13T08:45:26Z" name="beforeMethod" finished-at="2019-07-13T08:45:36Z" duration-ms="9707" status="PASS">
          <reporter-output>
          </reporter-output>
        </test-method> <!-- beforeMethod -->
        <test-method signature="login()[pri:0, instance:Telstra_coding_exercise_flipkart.Flipkart_Add_To_Cart_Test@79ca92b9]" started-at="2019-07-13T08:45:36Z" name="login" finished-at="2019-07-13T08:45:43Z" duration-ms="6835" status="FAIL">
          <exception class="java.lang.AssertionError">
            <message>
              <![CDATA[expected [Camera - Buy Digital Cameras Online at Best Prices in India | Flipkart.com] but found [Shipping Store Online - Buy Shipping Online at Best Price in India | Flipkart.com]]]>
            </message>
            <full-stacktrace>
              <![CDATA[java.lang.AssertionError: expected [Camera - Buy Digital Cameras Online at Best Prices in India | Flipkart.com] but found [Shipping Store Online - Buy Shipping Online at Best Price in India | Flipkart.com]
at org.testng.Assert.fail(Assert.java:96)
at org.testng.Assert.failNotEquals(Assert.java:776)
at org.testng.Assert.assertEqualsImpl(Assert.java:137)
at org.testng.Assert.assertEquals(Assert.java:118)
at org.testng.Assert.assertEquals(Assert.java:453)
at org.testng.Assert.assertEquals(Assert.java:463)
at Telstra_coding_exercise_flipkart.Flipkart_Add_To_Cart_Test.login(Flipkart_Add_To_Cart_Test.java:63)
at java.base/jdk.internal.reflect.NativeMethodAccessorImpl.invoke0(Native Method)
at java.base/jdk.internal.reflect.NativeMethodAccessorImpl.invoke(NativeMethodAccessorImpl.java:62)
at java.base/jdk.internal.reflect.DelegatingMethodAccessorImpl.invoke(DelegatingMethodAccessorImpl.java:43)
at java.base/java.lang.reflect.Method.invoke(Method.java:567)
at org.testng.internal.MethodInvocationHelper.invokeMethod(MethodInvocationHelper.java:124)
at org.testng.internal.Invoker.invokeMethod(Invoker.java:583)
at org.testng.internal.Invoker.invokeTestMethod(Invoker.java:719)
at org.testng.internal.Invoker.invokeTestMethods(Invoker.java:989)
at org.testng.internal.TestMethodWorker.invokeTestMethods(TestMethodWorker.java:125)
at org.testng.internal.TestMethodWorker.run(TestMethodWorker.java:109)
at org.testng.TestRunner.privateRun(TestRunner.java:648)
at org.testng.TestRunner.run(TestRunner.java:505)
at org.testng.SuiteRunner.runTest(SuiteRunner.java:455)
at org.testng.SuiteRunner.runSequentially(SuiteRunner.java:450)
at org.testng.SuiteRunner.privateRun(SuiteRunner.java:415)
at org.testng.SuiteRunner.run(SuiteRunner.java:364)
at org.testng.SuiteRunnerWorker.runSuite(SuiteRunnerWorker.java:52)
at org.testng.SuiteRunnerWorker.run(SuiteRunnerWorker.java:84)
at org.testng.TestNG.runSuitesSequentially(TestNG.java:1208)
at org.testng.TestNG.runSuitesLocally(TestNG.java:1137)
at org.testng.TestNG.runSuites(TestNG.java:1049)
at org.testng.TestNG.run(TestNG.java:1017)
at org.testng.remote.AbstractRemoteTestNG.run(AbstractRemoteTestNG.java:115)
at org.testng.remote.RemoteTestNG.initAndRun(RemoteTestNG.java:251)
at org.testng.remote.RemoteTestNG.main(RemoteTestNG.java:77)
]]>
            </full-stacktrace>
          </exception> <!-- java.lang.AssertionError -->
          <reporter-output>
          </reporter-output>
        </test-method> <!-- login -->
        <test-method is-config="true" signature="afterMethod(org.testng.ITestResult)[pri:0, instance:Telstra_coding_exercise_flipkart.Flipkart_Add_To_Cart_Test@79ca92b9]" started-at="2019-07-13T08:45:43Z" name="afterMethod" finished-at="2019-07-13T08:45:44Z" duration-ms="1270" status="PASS">
          <params>
            <param index="0">
              <value>
                <![CDATA[[TestResult name=login status=FAILURE method=Flipkart_Add_To_Cart_Test.login()[pri:0, instance:Telstra_coding_exercise_flipkart.Flipkart_Add_To_Cart_Test@79ca92b9] output={null}]]]>
              </value>
            </param>
          </params>
          <reporter-output>
          </reporter-output>
        </test-method> <!-- afterMethod -->
      </class> <!-- Telstra_coding_exercise_flipkart.Flipkart_Add_To_Cart_Test -->
    </test> <!-- Default test -->
  </suite> <!-- Default suite -->
</testng-results>
